#
# A fatal error has been detected by the Java Runtime Environment:
#
#  SIGSEGV (0xb) at pc=0x000000010aa46d7c, pid=691, tid=18691
#
# JRE version: Java(TM) SE Runtime Environment (8.0_73-b02) (build 1.8.0_73-b02)
# Java VM: Java HotSpot(TM) 64-Bit Server VM (25.73-b02 mixed mode bsd-amd64 compressed oops)
# Problematic frame:
# V  [libjvm.dylib+0x446d7c]
#
# Failed to write core dump. Core dumps have been disabled. To enable core dumping, try "ulimit -c unlimited" before starting Java again
#
# If you would like to submit a bug report, please visit:
#   http://bugreport.java.com/bugreport/crash.jsp
#

---------------  T H R E A D  ---------------

Current thread (0x00007f835b03b800):  JavaThread "JDWP Transport Listener: dt_socket" daemon [_thread_in_vm, id=18691, stack(0x0000000128d2b000,0x0000000128e2b000)]

siginfo: si_signo: 11 (SIGSEGV), si_code: 1 (SEGV_MAPERR), si_addr: 0x00007f8300000003

Registers:
RAX=0x0000000000000001, RBX=0x0000000128e2aa8b, RCX=0x000000010ae15340, RDX=0x0000000128e2aa8b
RSP=0x0000000128e2a9d0, RBP=0x0000000128e2a9e0, RSI=0x00007f835b03b800, RDI=0x00007f8300000003
R8 =0x0000000000000000, R9 =0x00007f835b800000, R10=0x0000000000000010, R11=0x00007f835b800000
R12=0x00007f835b03b800, R13=0x00007f8300000003, R14=0x00007f8300000003, R15=0x00007f8359c1f180
RIP=0x000000010aa46d7c, EFLAGS=0x0000000000010206, ERR=0x0000000000000004
  TRAPNO=0x000000000000000e

Top of Stack: (sp=0x0000000128e2a9d0)
0x0000000128e2a9d0:   0000000128e2aa8b 0000000128e2aa8b
0x0000000128e2a9e0:   0000000128e2aa40 000000010a955dda
0x0000000128e2a9f0:   00007f835b03b800 0000000000000000
0x0000000128e2aa00:   0000000000000000 0000000000000000
0x0000000128e2aa10:   00007f835b03b800 00007f835b03b800
0x0000000128e2aa20:   0000000128e2aa8b 0000000128e2aa90
0x0000000128e2aa30:   00007f8300000003 0000000000000002
0x0000000128e2aa40:   0000000128e2aa60 000000010b6e6780
0x0000000128e2aa50:   0000000000000001 0000000128e2ab08
0x0000000128e2aa60:   0000000128e2aad0 000000010b6cb1f3
0x0000000128e2aa70:   0000000128e2aaa0 00007f835b8093a0
0x0000000128e2aa80:   0000000400000032 0000000900e2ab08
0x0000000128e2aa90:   0000000000000000 0000000000000000
0x0000000128e2aaa0:   0000000000000000 0000000128e2ac90
0x0000000128e2aab0:   000000010b6ede7a 00007f8359c2e410
0x0000000128e2aac0:   0000000128e2ab08 000000010b6f9598
0x0000000128e2aad0:   0000000128e2aae0 000000010b6cb2ec
0x0000000128e2aae0:   0000000128e2ad00 000000010b6d4898
0x0000000128e2aaf0:   000094a000000013 00000000000f0200
0x0000000128e2ab00:   00007f8359c2efe0 0000000128e2abaf
0x0000000128e2ab10:   00007f83000000d5 0000000128e2ab20
0x0000000128e2ab20:   00007f8300000057 0000000128e2ab58
0x0000000128e2ab30:   0000000000000000 00007f0000000000
0x0000000128e2ab40:   000094a00000000f 00007fff00009780
0x0000000128e2ab50:   0000000128e2ab58 837f000004000000
0x0000000128e2ab60:   06000000400ca15b 00003e74696e693c
0x0000000128e2ab70:   0000005629280300 7f00000100000000
0x0000000128e2ab80:   000000480ca15b83 0000006e69616d04
0x0000000128e2ab90:   6176616a4c5b2816 74532f676e616c2f
0x0000000128e2aba0:   0056293b676e6972 2c09000000000000
0x0000000128e2abb0:   000000002e000000 2f00000034000000
0x0000000128e2abc0:   3d00000000000000 0000000032000000 

Instructions: (pc=0x000000010aa46d7c)
0x000000010aa46d5c:   40 48 48 85 c0 75 e0 30 c0 0f b6 c0 5d c3 31 c0
0x000000010aa46d6c:   5d c3 55 48 89 e5 53 48 83 ec 08 48 85 ff 74 24
0x000000010aa46d7c:   48 8b 1f 48 85 db 74 1c 48 83 fb 37 74 16 48 8b
0x000000010aa46d8c:   03 48 89 df ff 50 10 84 c0 b8 00 00 00 00 48 0f 

Register to memory mapping:

RAX=0x0000000000000001 is an unknown value
RBX=0x0000000128e2aa8b is pointing into the stack for thread: 0x00007f835b03b800
RCX=0x000000010ae15340: UseMembar+0 in /Library/Java/JavaVirtualMachines/jdk1.8.0_73.jdk/Contents/Home/jre/lib/server/libjvm.dylib at 0x000000010a600000
RDX=0x0000000128e2aa8b is pointing into the stack for thread: 0x00007f835b03b800
RSP=0x0000000128e2a9d0 is pointing into the stack for thread: 0x00007f835b03b800
RBP=0x0000000128e2a9e0 is pointing into the stack for thread: 0x00007f835b03b800
RSI=0x00007f835b03b800 is a thread
RDI=0x00007f8300000003 is an unknown value
R8 =0x0000000000000000 is an unknown value
R9 =0x00007f835b800000 is an unknown value
R10=0x0000000000000010 is an unknown value
R11=0x00007f835b800000 is an unknown value
R12=0x00007f835b03b800 is a thread
R13=0x00007f8300000003 is an unknown value
R14=0x00007f8300000003 is an unknown value
R15=0x00007f8359c1f180 is an unknown value


Stack: [0x0000000128d2b000,0x0000000128e2b000],  sp=0x0000000128e2a9d0,  free space=1022k
Native frames: (J=compiled Java code, j=interpreted, Vv=VM code, C=native code)
V  [libjvm.dylib+0x446d7c]
V  [libjvm.dylib+0x355dda]
C  [libjdwp.dylib+0x20780]  isMethodSynthetic+0x63
C  [libjdwp.dylib+0x51f3]  methods1+0x10b
C  [libjdwp.dylib+0x52ec]  methodsWithGeneric+0xe
C  [libjdwp.dylib+0xe898]  debugLoop_run+0x1ce
C  [libjdwp.dylib+0x1f6ba]  attachThread+0x4d
V  [libjvm.dylib+0x397138]
V  [libjvm.dylib+0x561753]
V  [libjvm.dylib+0x562e4e]
V  [libjvm.dylib+0x4838a2]
C  [libsystem_pthread.dylib+0x405a]  _pthread_body+0x83
C  [libsystem_pthread.dylib+0x3fd7]  _pthread_body+0x0
C  [libsystem_pthread.dylib+0x13ed]  thread_start+0xd
C  0x0000000000000000


---------------  P R O C E S S  ---------------

Java Threads: ( => current thread )
  0x00007f835e008000 JavaThread "Service Thread" daemon [_thread_blocked, id=22275, stack(0x0000000129440000,0x0000000129540000)]
  0x00007f835b03c800 JavaThread "C1 CompilerThread3" daemon [_thread_blocked, id=21763, stack(0x000000012933d000,0x000000012943d000)]
  0x00007f835c80d800 JavaThread "C2 CompilerThread2" daemon [_thread_blocked, id=21251, stack(0x000000012923a000,0x000000012933a000)]
  0x00007f835c804800 JavaThread "C2 CompilerThread1" daemon [_thread_blocked, id=20739, stack(0x0000000129137000,0x0000000129237000)]
  0x00007f835c803000 JavaThread "C2 CompilerThread0" daemon [_thread_blocked, id=20227, stack(0x0000000129034000,0x0000000129134000)]
  0x00007f835c008000 JavaThread "JDWP Command Reader" daemon [_thread_in_native, id=19715, stack(0x0000000128f31000,0x0000000129031000)]
  0x00007f835c802000 JavaThread "JDWP Event Helper Thread" daemon [_thread_blocked, id=19203, stack(0x0000000128e2e000,0x0000000128f2e000)]
=>0x00007f835b03b800 JavaThread "JDWP Transport Listener: dt_socket" daemon [_thread_in_vm, id=18691, stack(0x0000000128d2b000,0x0000000128e2b000)]
  0x00007f835a013000 JavaThread "Signal Dispatcher" daemon [_thread_blocked, id=15379, stack(0x0000000128c21000,0x0000000128d21000)]
  0x00007f835c800000 JavaThread "Finalizer" daemon [_thread_blocked, id=13571, stack(0x00000001271fc000,0x00000001272fc000)]
  0x00007f835b059000 JavaThread "Reference Handler" daemon [_thread_blocked, id=13059, stack(0x00000001270f9000,0x00000001271f9000)]
  0x00007f835b002800 JavaThread "main" [_thread_blocked, id=4867, stack(0x000000010b58e000,0x000000010b68e000)]

Other Threads:
  0x00007f835b056800 VMThread [stack: 0x0000000126ff6000,0x00000001270f6000] [id=12547]
  0x00007f835d817000 WatcherThread [stack: 0x0000000129543000,0x0000000129643000] [id=22787]

VM state:not at safepoint (normal execution)

VM Mutex/Monitor currently owned by a thread: None

Heap:
 PSYoungGen      total 76288K, used 5243K [0x000000076ab00000, 0x0000000770000000, 0x00000007c0000000)
  eden space 65536K, 8% used [0x000000076ab00000,0x000000076b01ec70,0x000000076eb00000)
  from space 10752K, 0% used [0x000000076f580000,0x000000076f580000,0x0000000770000000)
  to   space 10752K, 0% used [0x000000076eb00000,0x000000076eb00000,0x000000076f580000)
 ParOldGen       total 175104K, used 0K [0x00000006c0000000, 0x00000006cab00000, 0x000000076ab00000)
  object space 175104K, 0% used [0x00000006c0000000,0x00000006c0000000,0x00000006cab00000)
 Metaspace       used 2752K, capacity 4568K, committed 4864K, reserved 1056768K
  class space    used 294K, capacity 392K, committed 512K, reserved 1048576K

Card table byte_map: [0x000000011aae7000,0x000000011b2e8000] byte_map_base: 0x00000001174e7000

Marking Bits: (ParMarkBitMap*) 0x000000010aee3ea0
 Begin Bits: [0x000000011c056000, 0x0000000120056000)
 End Bits:   [0x0000000120056000, 0x0000000124056000)

Polling page: 0x000000010b6c5000

CodeCache: size=245760Kb used=1150Kb max_used=1155Kb free=244609Kb
 bounds [0x000000010b727000, 0x000000010b997000, 0x000000011a727000]
 total_blobs=281 nmethods=57 adapters=146
 compilation: enabled

Compilation events (10 events):
Event: 0.099 Thread 0x00007f835b03c800 nmethod 53 0x000000010b844910 code [0x000000010b844aa0, 0x000000010b844eb8]
Event: 0.099 Thread 0x00007f835c80d800 nmethod 44 0x000000010b847dd0 code [0x000000010b847f20, 0x000000010b8480d8]
Event: 0.099 Thread 0x00007f835b03c800   54       3       java.lang.AbstractStringBuilder::<init> (12 bytes)
Event: 0.099 Thread 0x00007f835b03c800 nmethod 54 0x000000010b847950 code [0x000000010b847ac0, 0x000000010b847d10]
Event: 0.099 Thread 0x00007f835b03c800   55       3       java.lang.String::lastIndexOf (13 bytes)
Event: 0.099 Thread 0x00007f835b03c800 nmethod 55 0x000000010b847510 code [0x000000010b847680, 0x000000010b8478a8]
Event: 0.099 Thread 0x00007f835b03c800   56       3       java.lang.ref.Reference::<init> (25 bytes)
Event: 0.100 Thread 0x00007f835b03c800 nmethod 56 0x000000010b847090 code [0x000000010b847200, 0x000000010b847450]
Event: 0.100 Thread 0x00007f835b03c800   57       3       java.io.UnixFileSystem::prefixLength (25 bytes)
Event: 0.100 Thread 0x00007f835b03c800 nmethod 57 0x000000010b846810 code [0x000000010b8469c0, 0x000000010b846e88]

GC Heap History (0 events):
No events

Deoptimization events (1 events):
Event: 0.102 Thread 0x00007f835b002800 Uncommon trap: reason=unstable_if action=reinterpret pc=0x000000010b84808c method=java.lang.String.hashCode()I @ 14

Internal exceptions (10 events):
Event: 0.091 Thread 0x00007f835b002800 Exception <a 'java/security/PrivilegedActionException'> (0x000000076abb9770) thrown at [/HUDSON3/workspace/8-2-build-macosx-x86_64/jdk8u73/6086/hotspot/src/share/vm/prims/jvm.cpp, line 1386]
Event: 0.092 Thread 0x00007f835b002800 Exception <a 'java/util/zip/ZipException'> (0x000000076abba4f0) thrown at [/HUDSON3/workspace/8-2-build-macosx-x86_64/jdk8u73/6086/hotspot/src/share/vm/prims/jni.cpp, line 709]
Event: 0.092 Thread 0x00007f835b002800 Exception <a 'java/security/PrivilegedActionException'> (0x000000076abba6f8) thrown at [/HUDSON3/workspace/8-2-build-macosx-x86_64/jdk8u73/6086/hotspot/src/share/vm/prims/jvm.cpp, line 1386]
Event: 0.092 Thread 0x00007f835b002800 Exception <a 'java/security/PrivilegedActionException'> (0x000000076abba908) thrown at [/HUDSON3/workspace/8-2-build-macosx-x86_64/jdk8u73/6086/hotspot/src/share/vm/prims/jvm.cpp, line 1386]
Event: 0.093 Thread 0x00007f835b002800 Exception <a 'java/util/zip/ZipException'> (0x000000076abbb688) thrown at [/HUDSON3/workspace/8-2-build-macosx-x86_64/jdk8u73/6086/hotspot/src/share/vm/prims/jni.cpp, line 709]
Event: 0.093 Thread 0x00007f835b002800 Exception <a 'java/security/PrivilegedActionException'> (0x000000076abbb890) thrown at [/HUDSON3/workspace/8-2-build-macosx-x86_64/jdk8u73/6086/hotspot/src/share/vm/prims/jvm.cpp, line 1386]
Event: 0.093 Thread 0x00007f835b002800 Exception <a 'java/security/PrivilegedActionException'> (0x000000076abbbaa0) thrown at [/HUDSON3/workspace/8-2-build-macosx-x86_64/jdk8u73/6086/hotspot/src/share/vm/prims/jvm.cpp, line 1386]
Event: 0.096 Thread 0x00007f835b002800 Exception <a 'java/util/zip/ZipException'> (0x000000076abcd390) thrown at [/HUDSON3/workspace/8-2-build-macosx-x86_64/jdk8u73/6086/hotspot/src/share/vm/prims/jni.cpp, line 709]
Event: 0.096 Thread 0x00007f835b002800 Exception <a 'java/security/PrivilegedActionException'> (0x000000076abcd598) thrown at [/HUDSON3/workspace/8-2-build-macosx-x86_64/jdk8u73/6086/hotspot/src/share/vm/prims/jvm.cpp, line 1386]
Event: 0.096 Thread 0x00007f835b002800 Exception <a 'java/security/PrivilegedActionException'> (0x000000076abcd7a8) thrown at [/HUDSON3/workspace/8-2-build-macosx-x86_64/jdk8u73/6086/hotspot/src/share/vm/prims/jvm.cpp, line 1386]

Events (10 events):
Event: 12758.927 Executing VM operation: ChangeBreakpoints
Event: 12758.927 Executing VM operation: ChangeBreakpoints done
Event: 12758.928 Executing VM operation: ChangeBreakpoints
Event: 12758.928 Executing VM operation: ChangeBreakpoints done
Event: 12758.928 Executing VM operation: ChangeBreakpoints
Event: 12758.928 Executing VM operation: ChangeBreakpoints done
Event: 12758.928 Executing VM operation: ChangeBreakpoints
Event: 12758.928 Executing VM operation: ChangeBreakpoints done
Event: 12758.929 Executing VM operation: RedefineClasses
Event: 12758.929 Executing VM operation: RedefineClasses done


Dynamic libraries:
0x0000000003d1d000 	/System/Library/Frameworks/Cocoa.framework/Versions/A/Cocoa
0x0000000003d1d000 	/System/Library/Frameworks/Security.framework/Versions/A/Security
0x0000000003d1d000 	/System/Library/Frameworks/ApplicationServices.framework/Versions/A/ApplicationServices
0x0000000003d1d000 	/usr/lib/libz.1.dylib
0x0000000003d1d000 	/usr/lib/libSystem.B.dylib
0x0000000003d1d000 	/usr/lib/libobjc.A.dylib
0x0000000003d1d000 	/System/Library/Frameworks/CoreFoundation.framework/Versions/A/CoreFoundation
0x0000000003d1d000 	/System/Library/Frameworks/Foundation.framework/Versions/C/Foundation
0x0000000003d1d000 	/System/Library/Frameworks/AppKit.framework/Versions/C/AppKit
0x0000000003d1d000 	/System/Library/Frameworks/CoreData.framework/Versions/A/CoreData
0x0000000003d1d000 	/System/Library/PrivateFrameworks/RemoteViewServices.framework/Versions/A/RemoteViewServices
0x0000000003d1d000 	/System/Library/PrivateFrameworks/UIFoundation.framework/Versions/A/UIFoundation
0x0000000003d1d000 	/System/Library/Frameworks/IOSurface.framework/Versions/A/IOSurface
0x0000000003d1d000 	/System/Library/Frameworks/AudioToolbox.framework/Versions/A/AudioToolbox
0x0000000003d1d000 	/System/Library/Frameworks/AudioUnit.framework/Versions/A/AudioUnit
0x0000000003d1d000 	/System/Library/PrivateFrameworks/DataDetectorsCore.framework/Versions/A/DataDetectorsCore
0x0000000003d1d000 	/System/Library/PrivateFrameworks/DesktopServicesPriv.framework/Versions/A/DesktopServicesPriv
0x0000000003d1d000 	/System/Library/Frameworks/Carbon.framework/Versions/A/Frameworks/HIToolbox.framework/Versions/A/HIToolbox
0x0000000003d1d000 	/System/Library/Frameworks/QuartzCore.framework/Versions/A/QuartzCore
0x0000000003d1d000 	/System/Library/Frameworks/Carbon.framework/Versions/A/Frameworks/SpeechRecognition.framework/Versions/A/SpeechRecognition
0x0000000003d1d000 	/usr/lib/libauto.dylib
0x0000000003d1d000 	/usr/lib/libicucore.A.dylib
0x0000000003d1d000 	/usr/lib/libxml2.2.dylib
0x0000000003d1d000 	/System/Library/PrivateFrameworks/CoreUI.framework/Versions/A/CoreUI
0x0000000003d1d000 	/System/Library/Frameworks/CoreAudio.framework/Versions/A/CoreAudio
0x0000000003d1d000 	/System/Library/Frameworks/DiskArbitration.framework/Versions/A/DiskArbitration
0x0000000003d1d000 	/usr/lib/liblangid.dylib
0x0000000003d1d000 	/System/Library/PrivateFrameworks/MultitouchSupport.framework/Versions/A/MultitouchSupport
0x0000000003d1d000 	/System/Library/Frameworks/IOKit.framework/Versions/A/IOKit
0x0000000003d1d000 	/usr/lib/libDiagnosticMessagesClient.dylib
0x0000000003d1d000 	/System/Library/Frameworks/CoreServices.framework/Versions/A/CoreServices
0x0000000003d1d000 	/System/Library/PrivateFrameworks/PerformanceAnalysis.framework/Versions/A/PerformanceAnalysis
0x0000000003d1d000 	/System/Library/PrivateFrameworks/GenerationalStorage.framework/Versions/A/GenerationalStorage
0x0000000003d1d000 	/System/Library/Frameworks/OpenGL.framework/Versions/A/OpenGL
0x0000000003d1d000 	/System/Library/PrivateFrameworks/Sharing.framework/Versions/A/Sharing
0x0000000003d1d000 	/System/Library/Frameworks/CoreGraphics.framework/Versions/A/CoreGraphics
0x0000000003d1d000 	/System/Library/Frameworks/CoreText.framework/Versions/A/CoreText
0x0000000003d1d000 	/System/Library/Frameworks/ImageIO.framework/Versions/A/ImageIO
0x0000000003d1d000 	/usr/lib/libextension.dylib
0x0000000003d1d000 	/System/Library/PrivateFrameworks/Backup.framework/Versions/A/Backup
0x0000000003d1d000 	/usr/lib/libarchive.2.dylib
0x0000000003d1d000 	/System/Library/Frameworks/CFNetwork.framework/Versions/A/CFNetwork
0x0000000003d1d000 	/System/Library/Frameworks/SystemConfiguration.framework/Versions/A/SystemConfiguration
0x0000000003d1d000 	/usr/lib/libCRFSuite.dylib
0x0000000003d1d000 	/usr/lib/libc++.1.dylib
0x0000000003d1d000 	/usr/lib/libc++abi.dylib
0x0000000003d1d000 	/usr/lib/system/libcache.dylib
0x0000000003d1d000 	/usr/lib/system/libcommonCrypto.dylib
0x0000000003d1d000 	/usr/lib/system/libcompiler_rt.dylib
0x0000000003d1d000 	/usr/lib/system/libcopyfile.dylib
0x0000000003d1d000 	/usr/lib/system/libcorecrypto.dylib
0x0000000003d1d000 	/usr/lib/system/libdispatch.dylib
0x0000000003d1d000 	/usr/lib/system/libdyld.dylib
0x0000000003d1d000 	/usr/lib/system/libkeymgr.dylib
0x0000000003d1d000 	/usr/lib/system/liblaunch.dylib
0x0000000003d1d000 	/usr/lib/system/libmacho.dylib
0x0000000003d1d000 	/usr/lib/system/libquarantine.dylib
0x0000000003d1d000 	/usr/lib/system/libremovefile.dylib
0x0000000003d1d000 	/usr/lib/system/libsystem_asl.dylib
0x0000000003d1d000 	/usr/lib/system/libsystem_blocks.dylib
0x0000000003d1d000 	/usr/lib/system/libsystem_c.dylib
0x0000000003d1d000 	/usr/lib/system/libsystem_configuration.dylib
0x0000000003d1d000 	/usr/lib/system/libsystem_coreservices.dylib
0x0000000003d1d000 	/usr/lib/system/libsystem_coretls.dylib
0x0000000003d1d000 	/usr/lib/system/libsystem_dnssd.dylib
0x0000000003d1d000 	/usr/lib/system/libsystem_info.dylib
0x0000000003d1d000 	/usr/lib/system/libsystem_kernel.dylib
0x0000000003d1d000 	/usr/lib/system/libsystem_m.dylib
0x0000000003d1d000 	/usr/lib/system/libsystem_malloc.dylib
0x0000000003d1d000 	/usr/lib/system/libsystem_network.dylib
0x0000000003d1d000 	/usr/lib/system/libsystem_networkextension.dylib
0x0000000003d1d000 	/usr/lib/system/libsystem_notify.dylib
0x0000000003d1d000 	/usr/lib/system/libsystem_platform.dylib
0x0000000003d1d000 	/usr/lib/system/libsystem_pthread.dylib
0x0000000003d1d000 	/usr/lib/system/libsystem_sandbox.dylib
0x0000000003d1d000 	/usr/lib/system/libsystem_secinit.dylib
0x0000000003d1d000 	/usr/lib/system/libsystem_stats.dylib
0x0000000003d1d000 	/usr/lib/system/libsystem_trace.dylib
0x0000000003d1d000 	/usr/lib/system/libunc.dylib
0x0000000003d1d000 	/usr/lib/system/libunwind.dylib
0x0000000003d1d000 	/usr/lib/system/libxpc.dylib
0x0000000003d1d000 	/usr/lib/libbz2.1.0.dylib
0x0000000003d1d000 	/usr/lib/liblzma.5.dylib
0x0000000003d1d000 	/usr/lib/libbsm.0.dylib
0x0000000003d1d000 	/usr/lib/libsqlite3.dylib
0x0000000003d1d000 	/usr/lib/system/libkxld.dylib
0x0000000003d1d000 	/usr/lib/libxar.1.dylib
0x0000000003d1d000 	/usr/lib/libpam.2.dylib
0x0000000003d1d000 	/usr/lib/libOpenScriptingUtil.dylib
0x0000000003d1d000 	/System/Library/Frameworks/CoreServices.framework/Versions/A/Frameworks/FSEvents.framework/Versions/A/FSEvents
0x0000000003d1d000 	/System/Library/Frameworks/CoreServices.framework/Versions/A/Frameworks/CarbonCore.framework/Versions/A/CarbonCore
0x0000000003d1d000 	/System/Library/Frameworks/CoreServices.framework/Versions/A/Frameworks/Metadata.framework/Versions/A/Metadata
0x0000000003d1d000 	/System/Library/Frameworks/CoreServices.framework/Versions/A/Frameworks/OSServices.framework/Versions/A/OSServices
0x0000000003d1d000 	/System/Library/Frameworks/CoreServices.framework/Versions/A/Frameworks/SearchKit.framework/Versions/A/SearchKit
0x0000000003d1d000 	/System/Library/Frameworks/CoreServices.framework/Versions/A/Frameworks/AE.framework/Versions/A/AE
0x0000000003d1d000 	/System/Library/Frameworks/CoreServices.framework/Versions/A/Frameworks/LaunchServices.framework/Versions/A/LaunchServices
0x0000000003d1d000 	/System/Library/Frameworks/CoreServices.framework/Versions/A/Frameworks/DictionaryServices.framework/Versions/A/DictionaryServices
0x0000000003d1d000 	/System/Library/Frameworks/NetFS.framework/Versions/A/NetFS
0x0000000003d1d000 	/System/Library/PrivateFrameworks/NetAuth.framework/Versions/A/NetAuth
0x0000000003d1d000 	/System/Library/PrivateFrameworks/login.framework/Versions/A/Frameworks/loginsupport.framework/Versions/A/loginsupport
0x0000000003d1d000 	/System/Library/PrivateFrameworks/TCC.framework/Versions/A/TCC
0x0000000003d1d000 	/usr/lib/libmecabra.dylib
0x0000000003d1d000 	/System/Library/Frameworks/ApplicationServices.framework/Versions/A/Frameworks/ATS.framework/Versions/A/ATS
0x0000000003d1d000 	/System/Library/Frameworks/ApplicationServices.framework/Versions/A/Frameworks/ColorSync.framework/Versions/A/ColorSync
0x0000000003d1d000 	/System/Library/Frameworks/ApplicationServices.framework/Versions/A/Frameworks/HIServices.framework/Versions/A/HIServices
0x0000000003d1d000 	/System/Library/Frameworks/ApplicationServices.framework/Versions/A/Frameworks/LangAnalysis.framework/Versions/A/LangAnalysis
0x0000000003d1d000 	/System/Library/Frameworks/ApplicationServices.framework/Versions/A/Frameworks/PrintCore.framework/Versions/A/PrintCore
0x0000000003d1d000 	/System/Library/Frameworks/ApplicationServices.framework/Versions/A/Frameworks/QD.framework/Versions/A/QD
0x0000000003d1d000 	/System/Library/Frameworks/ApplicationServices.framework/Versions/A/Frameworks/SpeechSynthesis.framework/Versions/A/SpeechSynthesis
0x0000000003d1d000 	/System/Library/Frameworks/Accelerate.framework/Versions/A/Accelerate
0x0000000003d1d000 	/System/Library/Frameworks/Accelerate.framework/Versions/A/Frameworks/vImage.framework/Versions/A/vImage
0x0000000003d1d000 	/System/Library/Frameworks/Accelerate.framework/Versions/A/Frameworks/vecLib.framework/Versions/A/vecLib
0x0000000003d1d000 	/System/Library/Frameworks/Accelerate.framework/Versions/A/Frameworks/vecLib.framework/Versions/A/libvDSP.dylib
0x0000000003d1d000 	/System/Library/Frameworks/Accelerate.framework/Versions/A/Frameworks/vecLib.framework/Versions/A/libvMisc.dylib
0x0000000003d1d000 	/System/Library/Frameworks/Accelerate.framework/Versions/A/Frameworks/vecLib.framework/Versions/A/libLAPACK.dylib
0x0000000003d1d000 	/System/Library/Frameworks/Accelerate.framework/Versions/A/Frameworks/vecLib.framework/Versions/A/libBLAS.dylib
0x0000000003d1d000 	/System/Library/Frameworks/Accelerate.framework/Versions/A/Frameworks/vecLib.framework/Versions/A/libLinearAlgebra.dylib
0x0000000003d1d000 	/System/Library/Frameworks/ApplicationServices.framework/Versions/A/Frameworks/ATS.framework/Versions/A/Resources/libFontParser.dylib
0x0000000003d1d000 	/System/Library/Frameworks/ApplicationServices.framework/Versions/A/Frameworks/ATS.framework/Versions/A/Resources/libFontRegistry.dylib
0x0000000003d1d000 	/System/Library/PrivateFrameworks/AppleVPA.framework/Versions/A/AppleVPA
0x0000000003d1d000 	/System/Library/PrivateFrameworks/AppleJPEG.framework/Versions/A/AppleJPEG
0x0000000003d1d000 	/System/Library/Frameworks/ImageIO.framework/Versions/A/Resources/libJPEG.dylib
0x0000000003d1d000 	/System/Library/Frameworks/ImageIO.framework/Versions/A/Resources/libTIFF.dylib
0x0000000003d1d000 	/System/Library/Frameworks/ImageIO.framework/Versions/A/Resources/libPng.dylib
0x0000000003d1d000 	/System/Library/Frameworks/ImageIO.framework/Versions/A/Resources/libGIF.dylib
0x0000000003d1d000 	/System/Library/Frameworks/ImageIO.framework/Versions/A/Resources/libJP2.dylib
0x0000000003d1d000 	/System/Library/Frameworks/ImageIO.framework/Versions/A/Resources/libRadiance.dylib
0x0000000003d1d000 	/System/Library/Frameworks/CoreVideo.framework/Versions/A/CoreVideo
0x0000000003d1d000 	/System/Library/Frameworks/OpenGL.framework/Versions/A/Libraries/libGLU.dylib
0x0000000003d1d000 	/System/Library/Frameworks/OpenGL.framework/Versions/A/Libraries/libGFXShared.dylib
0x0000000003d1d000 	/System/Library/Frameworks/OpenGL.framework/Versions/A/Libraries/libGL.dylib
0x0000000003d1d000 	/System/Library/Frameworks/OpenGL.framework/Versions/A/Libraries/libGLImage.dylib
0x0000000003d1d000 	/System/Library/Frameworks/OpenGL.framework/Versions/A/Libraries/libCVMSPluginSupport.dylib
0x0000000003d1d000 	/System/Library/Frameworks/OpenGL.framework/Versions/A/Libraries/libCoreVMClient.dylib
0x0000000003d1d000 	/usr/lib/libcups.2.dylib
0x0000000003d1d000 	/System/Library/Frameworks/Kerberos.framework/Versions/A/Kerberos
0x0000000003d1d000 	/System/Library/Frameworks/GSS.framework/Versions/A/GSS
0x0000000003d1d000 	/usr/lib/libresolv.9.dylib
0x0000000003d1d000 	/usr/lib/libiconv.2.dylib
0x0000000003d1d000 	/System/Library/PrivateFrameworks/Heimdal.framework/Versions/A/Heimdal
0x0000000003d1d000 	/usr/lib/libheimdal-asn1.dylib
0x0000000003d1d000 	/System/Library/Frameworks/OpenDirectory.framework/Versions/A/OpenDirectory
0x0000000003d1d000 	/System/Library/PrivateFrameworks/CommonAuth.framework/Versions/A/CommonAuth
0x0000000003d1d000 	/System/Library/Frameworks/OpenDirectory.framework/Versions/A/Frameworks/CFOpenDirectory.framework/Versions/A/CFOpenDirectory
0x0000000003d1d000 	/System/Library/Frameworks/SecurityFoundation.framework/Versions/A/SecurityFoundation
0x0000000003d1d000 	/System/Library/PrivateFrameworks/LanguageModeling.framework/Versions/A/LanguageModeling
0x0000000003d1d000 	/usr/lib/libcmph.dylib
0x0000000003d1d000 	/System/Library/Frameworks/ServiceManagement.framework/Versions/A/ServiceManagement
0x0000000003d1d000 	/usr/lib/libxslt.1.dylib
0x0000000003d1d000 	/System/Library/Frameworks/Carbon.framework/Versions/A/Frameworks/Ink.framework/Versions/A/Ink
0x0000000003d1d000 	/System/Library/Frameworks/QuartzCore.framework/Versions/A/Frameworks/CoreImage.framework/Versions/A/CoreImage
0x0000000003d1d000 	/System/Library/PrivateFrameworks/CrashReporterSupport.framework/Versions/A/CrashReporterSupport
0x0000000003d1d000 	/System/Library/Frameworks/OpenCL.framework/Versions/A/OpenCL
0x0000000003d1d000 	/System/Library/PrivateFrameworks/FaceCore.framework/Versions/A/FaceCore
0x0000000003d1d000 	/System/Library/PrivateFrameworks/Ubiquity.framework/Versions/A/Ubiquity
0x0000000003d1d000 	/System/Library/PrivateFrameworks/IconServices.framework/Versions/A/IconServices
0x0000000003d1d000 	/System/Library/PrivateFrameworks/ChunkingLibrary.framework/Versions/A/ChunkingLibrary
0x0000000003d1d000 	/System/Library/PrivateFrameworks/Apple80211.framework/Versions/A/Apple80211
0x0000000003d1d000 	/System/Library/Frameworks/CoreWLAN.framework/Versions/A/CoreWLAN
0x0000000003d1d000 	/System/Library/Frameworks/IOBluetooth.framework/Versions/A/IOBluetooth
0x0000000003d1d000 	/System/Library/PrivateFrameworks/CoreWiFi.framework/Versions/A/CoreWiFi
0x0000000003d1d000 	/System/Library/Frameworks/CoreBluetooth.framework/Versions/A/CoreBluetooth
0x0000000003d1d000 	/System/Library/PrivateFrameworks/DebugSymbols.framework/Versions/A/DebugSymbols
0x0000000003d1d000 	/System/Library/PrivateFrameworks/CoreSymbolication.framework/Versions/A/CoreSymbolication
0x0000000003d1d000 	/System/Library/PrivateFrameworks/Symbolication.framework/Versions/A/Symbolication
0x0000000003d1d000 	/System/Library/PrivateFrameworks/SpeechRecognitionCore.framework/Versions/A/SpeechRecognitionCore
0x000000010a600000 	/Library/Java/JavaVirtualMachines/jdk1.8.0_73.jdk/Contents/Home/jre/lib/server/libjvm.dylib
0x0000000003d1d000 	/usr/lib/libstdc++.6.dylib
0x00000001095f2000 	/Library/Java/JavaVirtualMachines/jdk1.8.0_73.jdk/Contents/Home/jre/lib/libverify.dylib
0x000000010b690000 	/Library/Java/JavaVirtualMachines/jdk1.8.0_73.jdk/Contents/Home/jre/lib/libjava.dylib
0x000000010b6c6000 	/Library/Java/JavaVirtualMachines/jdk1.8.0_73.jdk/Contents/Home/jre/lib/libjdwp.dylib
0x000000010b711000 	/Library/Java/JavaVirtualMachines/jdk1.8.0_73.jdk/Contents/Home/jre/lib/libnpt.dylib
0x000000010b71e000 	/Library/Java/JavaVirtualMachines/jdk1.8.0_73.jdk/Contents/Home/jre/lib/libzip.dylib
0x00000001272fe000 	/System/Library/Frameworks/JavaVM.framework/Frameworks/JavaRuntimeSupport.framework/JavaRuntimeSupport
0x0000000127316000 	/System/Library/Frameworks/JavaVM.framework/Versions/A/Frameworks/JavaNativeFoundation.framework/Versions/A/JavaNativeFoundation
0x000000012732b000 	/System/Library/Frameworks/JavaVM.framework/Versions/A/JavaVM
0x0000000003d1d000 	/System/Library/Frameworks/Carbon.framework/Versions/A/Carbon
0x0000000127338000 	/System/Library/PrivateFrameworks/JavaLaunching.framework/Versions/A/JavaLaunching
0x0000000003d1d000 	/System/Library/Frameworks/Carbon.framework/Versions/A/Frameworks/CommonPanels.framework/Versions/A/CommonPanels
0x0000000003d1d000 	/System/Library/Frameworks/Carbon.framework/Versions/A/Frameworks/Help.framework/Versions/A/Help
0x0000000003d1d000 	/System/Library/Frameworks/Carbon.framework/Versions/A/Frameworks/ImageCapture.framework/Versions/A/ImageCapture
0x0000000003d1d000 	/System/Library/Frameworks/Carbon.framework/Versions/A/Frameworks/OpenScripting.framework/Versions/A/OpenScripting
0x0000000003d1d000 	/System/Library/Frameworks/Carbon.framework/Versions/A/Frameworks/Print.framework/Versions/A/Print
0x0000000003d1d000 	/System/Library/Frameworks/Carbon.framework/Versions/A/Frameworks/SecurityHI.framework/Versions/A/SecurityHI
0x0000000128d23000 	/Library/Java/JavaVirtualMachines/jdk1.8.0_73.jdk/Contents/Home/jre/lib/libdt_socket.dylib

VM Arguments:
jvm_args: -agentlib:jdwp=transport=dt_socket,address=127.0.0.1:49568,suspend=y,server=n -Dfile.encoding=UTF-8 
java_command: Sorting.MergeSort
java_class_path (initial): /Library/Java/JavaVirtualMachines/jdk1.8.0_73.jdk/Contents/Home/jre/lib/charsets.jar:/Library/Java/JavaVirtualMachines/jdk1.8.0_73.jdk/Contents/Home/jre/lib/deploy.jar:/Library/Java/JavaVirtualMachines/jdk1.8.0_73.jdk/Contents/Home/jre/lib/ext/cldrdata.jar:/Library/Java/JavaVirtualMachines/jdk1.8.0_73.jdk/Contents/Home/jre/lib/ext/dnsns.jar:/Library/Java/JavaVirtualMachines/jdk1.8.0_73.jdk/Contents/Home/jre/lib/ext/jaccess.jar:/Library/Java/JavaVirtualMachines/jdk1.8.0_73.jdk/Contents/Home/jre/lib/ext/jfxrt.jar:/Library/Java/JavaVirtualMachines/jdk1.8.0_73.jdk/Contents/Home/jre/lib/ext/localedata.jar:/Library/Java/JavaVirtualMachines/jdk1.8.0_73.jdk/Contents/Home/jre/lib/ext/nashorn.jar:/Library/Java/JavaVirtualMachines/jdk1.8.0_73.jdk/Contents/Home/jre/lib/ext/sunec.jar:/Library/Java/JavaVirtualMachines/jdk1.8.0_73.jdk/Contents/Home/jre/lib/ext/sunjce_provider.jar:/Library/Java/JavaVirtualMachines/jdk1.8.0_73.jdk/Contents/Home/jre/lib/ext/sunpkcs11.jar:/Library/Java/JavaVirtualMachines/jdk1.8.0_73.jdk/Contents/Home/jre/lib/ext/zipfs.jar:/Library/Java/JavaVirtualMachines/jdk1.8.0_73.jdk/Contents/Home/jre/lib/javaws.jar:/Library/Java/JavaVirtualMachines/jdk1.8.0_73.jdk/Contents/Home/jre/lib/jce.jar:/Library/Java/JavaVirtualMachines/jdk1.8.0_73.jdk/Contents/Home/jre/lib/jfr.jar:/Library/Java/JavaVirtualMachines/jdk1.8.0_73.jdk/Contents/Home/jre/lib/jfxswt.jar:/Library/Java/JavaVirtualMachines/jdk1.8.0_73.jdk/Contents/Home/jre/lib/jsse.jar:/Library/Java/JavaVirtualMachines/jdk1.8.0_73.jdk/Contents/Home/jre/lib/management-agent.jar:/Library/Java/JavaVirtualMachines/jdk1.8.0_73.jdk/Contents/Home/jre/lib/plugin.jar:/Library/Java/JavaVirtualMachines/jdk1.8.0_73.jdk/Contents/Home/jre/lib/resources.jar:/Library/Java/JavaVirtualMachines/jdk1.8.0_73.jdk/Contents/Home/jre/lib/rt.jar:/Library/Java/JavaVirtualMachines/jdk1.8.0_73.jdk/Contents/Home/lib/ant-javafx.jar:/Library/Java/JavaVirtualMachines/jdk1.8.0_73.jdk/Contents/Home/lib/dt.jar:/Library/Ja
Launcher Type: SUN_STANDARD

Environment Variables:
PATH=/usr/local/bin:/usr/bin:/bin:/usr/sbin:/sbin
SHELL=/bin/zsh

Signal Handlers:
SIGSEGV: [libjvm.dylib+0x5a71a5], sa_mask[0]=11111111011111110111111111111111, sa_flags=SA_ONSTACK|SA_RESTART|SA_SIGINFO
SIGBUS: [libjvm.dylib+0x5a71a5], sa_mask[0]=11111111011111110111111111111111, sa_flags=SA_RESTART|SA_SIGINFO
SIGFPE: [libjvm.dylib+0x480eb4], sa_mask[0]=11111111011111110111111111111111, sa_flags=SA_RESTART|SA_SIGINFO
SIGPIPE: [libjvm.dylib+0x480eb4], sa_mask[0]=11111111011111110111111111111111, sa_flags=SA_RESTART|SA_SIGINFO
SIGXFSZ: [libjvm.dylib+0x480eb4], sa_mask[0]=11111111011111110111111111111111, sa_flags=SA_RESTART|SA_SIGINFO
SIGILL: [libjvm.dylib+0x480eb4], sa_mask[0]=11111111011111110111111111111111, sa_flags=SA_RESTART|SA_SIGINFO
SIGUSR1: SIG_DFL, sa_mask[0]=00000000000000000000000000000000, sa_flags=none
SIGUSR2: [libjvm.dylib+0x4809d2], sa_mask[0]=00100000000000000000000000000000, sa_flags=SA_RESTART|SA_SIGINFO
SIGHUP: [libjvm.dylib+0x47efa9], sa_mask[0]=11111111011111110111111111111111, sa_flags=SA_RESTART|SA_SIGINFO
SIGINT: [libjvm.dylib+0x47efa9], sa_mask[0]=11111111011111110111111111111111, sa_flags=SA_RESTART|SA_SIGINFO
SIGTERM: [libjvm.dylib+0x47efa9], sa_mask[0]=11111111011111110111111111111111, sa_flags=SA_RESTART|SA_SIGINFO
SIGQUIT: [libjvm.dylib+0x47efa9], sa_mask[0]=11111111011111110111111111111111, sa_flags=SA_RESTART|SA_SIGINFO


---------------  S Y S T E M  ---------------

OS:Bsduname:Darwin 14.5.0 Darwin Kernel Version 14.5.0: Sun Sep 25 22:07:15 PDT 2016; root:xnu-2782.50.9~1/RELEASE_X86_64 x86_64
rlimit: STACK 8192k, CORE 0k, NPROC 709, NOFILE 10240, AS infinity
load average:2.75 2.45 2.31

CPU:total 8 (4 cores per cpu, 2 threads per core) family 6 model 70 stepping 1, cmov, cx8, fxsr, mmx, sse, sse2, sse3, ssse3, sse4.1, sse4.2, popcnt, avx, avx2, aes, clmul, erms, rtm, lzcnt, ht, tsc, tscinvbit, bmi1, bmi2

Memory: 4k page, physical 16777216k(2776744k free)

/proc/meminfo:


vm_info: Java HotSpot(TM) 64-Bit Server VM (25.73-b02) for bsd-amd64 JRE (1.8.0_73-b02), built on Jan 29 2016 15:02:00 by "java_re" with gcc 4.2.1 (Based on Apple Inc. build 5658) (LLVM build 2336.11.00)

time: Thu Nov  3 23:16:35 2016
elapsed time: 12758 seconds (0d 3h 32m 38s)

